<?xml version="1.0" encoding="UTF-8"?>
<!-- Generated by org.testng.reporters.JUnitReportReporter -->
<testsuite hostname="DESKTOP-OP53MLH" failures="0" tests="1" name="Scripts.TestCase2" time="18.484" errors="0" timestamp="2023-10-27T11:32:17 IST" skipped="0">
  <testcase classname="Scripts.TestCase2" name="tc2" time="18.484"/>
</testsuite> <!-- Scripts.TestCase2 -->
